runid                 	all	baseline
num_q                 	all	38
num_ret               	all	19000
num_rel               	all	2185
num_rel_ret           	all	1061
map                   	all	0.2327
gm_map                	all	0.0977
Rprec                 	all	0.2497
bpref                 	all	0.2802
recip_rank            	all	0.6069
iprec_at_recall_0.00  	all	0.6438
iprec_at_recall_0.10  	all	0.5016
iprec_at_recall_0.20  	all	0.3908
iprec_at_recall_0.30  	all	0.3162
iprec_at_recall_0.40  	all	0.2652
iprec_at_recall_0.50  	all	0.1833
iprec_at_recall_0.60  	all	0.1556
iprec_at_recall_0.70  	all	0.1242
iprec_at_recall_0.80  	all	0.0856
iprec_at_recall_0.90  	all	0.0637
iprec_at_recall_1.00  	all	0.0612
P_5                   	all	0.4632
P_10                  	all	0.3789
P_15                  	all	0.3421
P_20                  	all	0.3079
P_30                  	all	0.2596
P_100                 	all	0.1589
P_200                 	all	0.1047
P_500                 	all	0.0558
P_1000                	all	0.0279
