runid                 	all	baseline
num_q                 	all	38
num_ret               	all	38000
num_rel               	all	2185
num_rel_ret           	all	1282
map                   	all	0.2370
gm_map                	all	0.1018
Rprec                 	all	0.2497
bpref                 	all	0.2923
recip_rank            	all	0.6069
iprec_at_recall_0.00  	all	0.6438
iprec_at_recall_0.10  	all	0.5017
iprec_at_recall_0.20  	all	0.3911
iprec_at_recall_0.30  	all	0.3170
iprec_at_recall_0.40  	all	0.2790
iprec_at_recall_0.50  	all	0.1882
iprec_at_recall_0.60  	all	0.1607
iprec_at_recall_0.70  	all	0.1316
iprec_at_recall_0.80  	all	0.0889
iprec_at_recall_0.90  	all	0.0637
iprec_at_recall_1.00  	all	0.0616
P_5                   	all	0.4632
P_10                  	all	0.3789
P_15                  	all	0.3421
P_20                  	all	0.3079
P_30                  	all	0.2596
P_100                 	all	0.1589
P_200                 	all	0.1047
P_500                 	all	0.0558
P_1000                	all	0.0337
