runid                 	all	baseline
num_q                 	all	38
num_ret               	all	12422
num_rel               	all	2185
num_rel_ret           	all	1225
map                   	all	0.2853
gm_map                	all	0.1027
Rprec                 	all	0.3333
bpref                 	all	0.3648
recip_rank            	all	0.7427
iprec_at_recall_0.00  	all	0.7704
iprec_at_recall_0.10  	all	0.5831
iprec_at_recall_0.20  	all	0.4906
iprec_at_recall_0.30  	all	0.4259
iprec_at_recall_0.40  	all	0.3932
iprec_at_recall_0.50  	all	0.3337
iprec_at_recall_0.60  	all	0.1832
iprec_at_recall_0.70  	all	0.1361
iprec_at_recall_0.80  	all	0.0913
iprec_at_recall_0.90  	all	0.0332
iprec_at_recall_1.00  	all	0.0268
P_5                   	all	0.4684
P_10                  	all	0.3974
P_15                  	all	0.3684
P_20                  	all	0.3461
P_30                  	all	0.3061
P_100                 	all	0.1650
P_200                 	all	0.1063
P_500                 	all	0.0553
P_1000                	all	0.0322
