runid                 	all	2_ec_complex
num_q                 	all	29
num_ret               	all	16949
num_rel               	all	1171
num_rel_ret           	all	845
map                   	all	0.2066
gm_map                	all	0.1166
Rprec                 	all	0.2473
bpref                 	all	0.2727
recip_rank            	all	0.7461
iprec_at_recall_0.00  	all	0.7639
iprec_at_recall_0.10  	all	0.4843
iprec_at_recall_0.20  	all	0.4011
iprec_at_recall_0.30  	all	0.2604
iprec_at_recall_0.40  	all	0.2156
iprec_at_recall_0.50  	all	0.1747
iprec_at_recall_0.60  	all	0.1036
iprec_at_recall_0.70  	all	0.0829
iprec_at_recall_0.80  	all	0.0607
iprec_at_recall_0.90  	all	0.0344
iprec_at_recall_1.00  	all	0.0015
P_5                   	all	0.3379
P_10                  	all	0.3103
P_15                  	all	0.2966
P_20                  	all	0.2759
P_30                  	all	0.2253
P_100                 	all	0.1376
P_200                 	all	0.0916
P_500                 	all	0.0506
P_1000                	all	0.0291
